<?xml version="1.0" encoding="UTF-8"?>
<!-- Generated by org.testng.reporters.JUnitXMLReporter -->
<testsuite ignored="0" hostname="Fatema-Kassim" failures="0" tests="11" name="Test" time="104.267" errors="0" timestamp="2025-03-11T21:04:18 GST">
  <testcase classname="letcode.G_Window" name="window" time="9.648"/>
  <testcase classname="letcode.G_Window" name="multipleWIndow" time="8.711"/>
  <testcase classname="letcode.H_Elements" name="element" time="8.164"/>
  <testcase classname="letcode.F_Radio_Checkbox" name="radioCheckbox" time="14.852"/>
  <testcase classname="letcode.A_Input" name="input" time="5.578"/>
  <testcase classname="letcode.B_Buttons" name="buttons" time="9.991"/>
  <testcase classname="letcode.E_Frame" name="frame" time="10.102"/>
  <testcase classname="letcode.J_DrapAndDrop" name="dragDrop" time="11.792"/>
  <testcase classname="letcode.I_Drag" name="drag" time="6.63"/>
  <testcase classname="letcode.C_Select" name="select" time="7.902"/>
  <testcase classname="letcode.D_Alert" name="alert" time="10.826"/>
</testsuite> <!-- Test -->
