<?xml version="1.0" encoding="UTF-8"?>
<testng-results ignored="0" total="1" passed="1" failed="0" skipped="0">
  <reporter-output>
  </reporter-output>
  <suite started-at="2025-03-13T13:58:07 GST" name="Default suite" finished-at="2025-03-13T13:58:18 GST" duration-ms="10930">
    <groups>
    </groups>
    <test started-at="2025-03-13T13:58:07 GST" name="Default test" finished-at="2025-03-13T13:58:18 GST" duration-ms="10930">
      <class name="letcode.N_Waits">
        <test-method signature="waitForAlert()[pri:0, instance:letcode.N_Waits@4550bb58]" started-at="2025-03-13T13:58:07 GST" name="waitForAlert" finished-at="2025-03-13T13:58:18 GST" duration-ms="10890" status="PASS">
          <reporter-output>
          </reporter-output>
        </test-method> <!-- waitForAlert -->
      </class> <!-- letcode.N_Waits -->
    </test> <!-- Default test -->
  </suite> <!-- Default suite -->
</testng-results>
